Vivado Simulator 2018.2
Copyright 1986-1999, 2001-2018 Xilinx, Inc. All Rights Reserved.
Running: C:/Xilinx/Vivado/2018.2/bin/unwrapped/win64.o/xelab.exe -wto 3674eea3385f46b8a3469ce57257d111 --incr --debug typical --relax --mt 2 -L xil_defaultlib -L secureip --snapshot proyecto_tb_behav xil_defaultlib.proyecto_tb -log elaborate.log 
Using 2 slave threads.
Starting static elaboration
Completed static elaboration
Starting simulation data flow analysis
Completed simulation data flow analysis
Time Resolution for simulation is 1ps
Compiling package std.standard
Compiling package std.textio
Compiling package ieee.std_logic_1164
Compiling package ieee.numeric_std
Compiling package ieee.std_logic_arith
Compiling package ieee.std_logic_unsigned
Compiling architecture behavioral of entity xil_defaultlib.sincronizador [sincronizador_default]
Compiling architecture behavioral of entity xil_defaultlib.debouncer [debouncer_default]
Compiling architecture behav of entity xil_defaultlib.clock [clock_default]
Compiling architecture behavioral of entity xil_defaultlib.Proyecto [proyecto_default]
Compiling architecture behavioral of entity xil_defaultlib.proyecto_tb
Built simulation snapshot proyecto_tb_behav
